0 verbose cli /data/data/com.termux/files/usr/bin/node /data/data/com.termux/files/usr/bin/npm
1 info using npm@10.9.3
2 info using node@v22.20.0
3 silly config load:file:/data/data/com.termux/files/usr/lib/node_modules/npm/npmrc
4 silly config load:file:/data/data/com.termux/files/home/.npmrc
5 silly config load:file:/data/data/com.termux/files/usr/etc/npmrc
6 verbose title npm install @nomicfoundation/hardhat-toolbox
7 verbose argv "install" "--save-dev" "@nomicfoundation/hardhat-toolbox" "--legacy-peer-deps"
8 verbose logfile logs-max:10 dir:/data/data/com.termux/files/home/.npm/_logs/2025-10-18T17_38_26_178Z-
9 verbose logfile /data/data/com.termux/files/home/.npm/_logs/2025-10-18T17_38_26_178Z-debug-0.log
10 silly logfile start cleaning logs, removing 1 files
11 silly packumentCache heap:1098907648 maxSize:274726912 maxEntrySize:137363456
12 silly logfile done cleaning log files
13 silly idealTree buildDeps
14 silly fetch manifest @nomicfoundation/hardhat-toolbox@*
15 silly packumentCache full:https://registry.npmjs.org/@nomicfoundation%2fhardhat-toolbox cache-miss
16 http cache https://registry.npmjs.org/@nomicfoundation%2fhardhat-toolbox 125ms (cache hit)
17 silly packumentCache full:https://registry.npmjs.org/@nomicfoundation%2fhardhat-toolbox set size:63366 disposed:false
18 silly placeDep ROOT @nomicfoundation/hardhat-toolbox@6.1.0 OK for:  want: *
19 silly reify moves {}
20 silly audit bulk request {
20 silly audit   '@esbuild/aix-ppc64': [ '0.25.11' ],
20 silly audit   '@esbuild/android-arm': [ '0.25.11' ],
20 silly audit   '@esbuild/android-arm64': [ '0.25.11' ],
20 silly audit   '@esbuild/android-x64': [ '0.25.11' ],
20 silly audit   '@esbuild/darwin-arm64': [ '0.25.11' ],
20 silly audit   '@esbuild/darwin-x64': [ '0.25.11' ],
20 silly audit   '@esbuild/freebsd-arm64': [ '0.25.11' ],
20 silly audit   '@esbuild/freebsd-x64': [ '0.25.11' ],
20 silly audit   '@esbuild/linux-arm': [ '0.25.11' ],
20 silly audit   '@esbuild/linux-arm64': [ '0.25.11' ],
20 silly audit   '@esbuild/linux-ia32': [ '0.25.11' ],
20 silly audit   '@esbuild/linux-loong64': [ '0.25.11' ],
20 silly audit   '@esbuild/linux-mips64el': [ '0.25.11' ],
20 silly audit   '@esbuild/linux-ppc64': [ '0.25.11' ],
20 silly audit   '@esbuild/linux-riscv64': [ '0.25.11' ],
20 silly audit   '@esbuild/linux-s390x': [ '0.25.11' ],
20 silly audit   '@esbuild/linux-x64': [ '0.25.11' ],
20 silly audit   '@esbuild/netbsd-arm64': [ '0.25.11' ],
20 silly audit   '@esbuild/netbsd-x64': [ '0.25.11' ],
20 silly audit   '@esbuild/openbsd-arm64': [ '0.25.11' ],
20 silly audit   '@esbuild/openbsd-x64': [ '0.25.11' ],
20 silly audit   '@esbuild/openharmony-arm64': [ '0.25.11' ],
20 silly audit   '@esbuild/sunos-x64': [ '0.25.11' ],
20 silly audit   '@esbuild/win32-arm64': [ '0.25.11' ],
20 silly audit   '@esbuild/win32-ia32': [ '0.25.11' ],
20 silly audit   '@esbuild/win32-x64': [ '0.25.11' ],
20 silly audit   '@noble/curves': [ '1.4.2', '1.8.2' ],
20 silly audit   '@noble/hashes': [ '1.4.0', '1.7.2' ],
20 silly audit   '@nomicfoundation/edr': [ '0.12.0-next.7' ],
20 silly audit   '@nomicfoundation/edr-darwin-arm64': [ '0.12.0-next.7' ],
20 silly audit   '@nomicfoundation/edr-darwin-x64': [ '0.12.0-next.7' ],
20 silly audit   '@nomicfoundation/edr-linux-arm64-gnu': [ '0.12.0-next.7' ],
20 silly audit   '@nomicfoundation/edr-linux-arm64-musl': [ '0.12.0-next.7' ],
20 silly audit   '@nomicfoundation/edr-linux-x64-gnu': [ '0.12.0-next.7' ],
20 silly audit   '@nomicfoundation/edr-linux-x64-musl': [ '0.12.0-next.7' ],
20 silly audit   '@nomicfoundation/edr-win32-x64-msvc': [ '0.12.0-next.7' ],
20 silly audit   '@nomicfoundation/hardhat-errors': [ '3.0.2' ],
20 silly audit   '@nomicfoundation/hardhat-utils': [ '3.0.3' ],
20 silly audit   '@nomicfoundation/hardhat-zod-utils': [ '3.0.1' ],
20 silly audit   '@nomicfoundation/solidity-analyzer': [ '0.1.2' ],
20 silly audit   '@nomicfoundation/solidity-analyzer-darwin-arm64': [ '0.1.2' ],
20 silly audit   '@nomicfoundation/solidity-analyzer-darwin-x64': [ '0.1.2' ],
20 silly audit   '@nomicfoundation/solidity-analyzer-linux-arm64-gnu': [ '0.1.2' ],
20 silly audit   '@nomicfoundation/solidity-analyzer-linux-arm64-musl': [ '0.1.2' ],
20 silly audit   '@nomicfoundation/solidity-analyzer-linux-x64-gnu': [ '0.1.2' ],
20 silly audit   '@nomicfoundation/solidity-analyzer-linux-x64-musl': [ '0.1.2' ],
20 silly audit   '@nomicfoundation/solidity-analyzer-win32-x64-msvc': [ '0.1.2' ],
20 silly audit   '@scure/base': [ '1.1.9', '1.2.6' ],
20 silly audit   '@scure/bip32': [ '1.4.0' ],
20 silly audit   '@scure/bip39': [ '1.3.0' ],
20 silly audit   '@sentry/core': [ '9.46.0' ],
20 silly audit   '@streamparser/json': [ '0.0.22' ],
20 silly audit   '@streamparser/json-node': [ '0.0.22' ],
20 silly audit   'adm-zip': [ '0.4.16' ],
20 silly audit   'ansi-colors': [ '4.1.3' ],
20 silly audit   'ansi-regex': [ '5.0.1' ],
20 silly audit   chalk: [ '5.6.2' ],
20 silly audit   chokidar: [ '4.0.3' ],
20 silly audit   debug: [ '4.4.3' ],
20 silly audit   enquirer: [ '2.4.1' ],
20 silly audit   'env-paths': [ '2.2.1' ],
20 silly audit   esbuild: [ '0.25.11' ],
20 silly audit   'ethereum-cryptography': [ '2.2.1' ],
20 silly audit   'fast-equals': [ '5.3.2' ],
20 silly audit   fsevents: [ '2.3.3' ],
20 silly audit   'get-tsconfig': [ '4.12.0' ],
20 silly audit   hardhat: [ '3.0.7' ],
20 silly audit   'json-stream-stringify': [ '3.1.6' ],
20 silly audit   'micro-eth-signer': [ '0.14.0' ],
20 silly audit   'micro-packed': [ '0.7.3' ],
20 silly audit   ms: [ '2.1.3' ],
20 silly audit   'p-map': [ '7.0.3' ],
20 silly audit   readdirp: [ '4.1.2' ],
20 silly audit   'resolve-pkg-maps': [ '1.0.0' ],
20 silly audit   'resolve.exports': [ '2.0.3' ],
20 silly audit   rfdc: [ '1.4.1' ],
20 silly audit   semver: [ '7.7.3' ],
20 silly audit   'strip-ansi': [ '6.0.1' ],
20 silly audit   tsx: [ '4.20.6' ],
20 silly audit   undici: [ '6.22.0' ],
20 silly audit   ws: [ '8.18.3' ],
20 silly audit   zod: [ '3.25.76' ],
20 silly audit   '@nomicfoundation/hardhat-toolbox': [ '6.1.0' ]
20 silly audit }
21 verbose reify failed optional dependency /data/data/com.termux/files/home/node_modules/fsevents
22 silly reify mark deleted [ '/data/data/com.termux/files/home/node_modules/fsevents' ]
23 verbose reify failed optional dependency /data/data/com.termux/files/home/node_modules/@esbuild/win32-x64
24 silly reify mark deleted [ '/data/data/com.termux/files/home/node_modules/@esbuild/win32-x64' ]
25 verbose reify failed optional dependency /data/data/com.termux/files/home/node_modules/@esbuild/win32-ia32
26 silly reify mark deleted [ '/data/data/com.termux/files/home/node_modules/@esbuild/win32-ia32' ]
27 verbose reify failed optional dependency /data/data/com.termux/files/home/node_modules/@esbuild/win32-arm64
28 silly reify mark deleted [
28 silly reify   '/data/data/com.termux/files/home/node_modules/@esbuild/win32-arm64'
28 silly reify ]
29 verbose reify failed optional dependency /data/data/com.termux/files/home/node_modules/@esbuild/sunos-x64
30 silly reify mark deleted [ '/data/data/com.termux/files/home/node_modules/@esbuild/sunos-x64' ]
31 verbose reify failed optional dependency /data/data/com.termux/files/home/node_modules/@esbuild/openharmony-arm64
32 silly reify mark deleted [
32 silly reify   '/data/data/com.termux/files/home/node_modules/@esbuild/openharmony-arm64'
32 silly reify ]
33 verbose reify failed optional dependency /data/data/com.termux/files/home/node_modules/@esbuild/openbsd-x64
34 silly reify mark deleted [
34 silly reify   '/data/data/com.termux/files/home/node_modules/@esbuild/openbsd-x64'
34 silly reify ]
35 verbose reify failed optional dependency /data/data/com.termux/files/home/node_modules/@esbuild/openbsd-arm64
36 silly reify mark deleted [
36 silly reify   '/data/data/com.termux/files/home/node_modules/@esbuild/openbsd-arm64'
36 silly reify ]
37 verbose reify failed optional dependency /data/data/com.termux/files/home/node_modules/@esbuild/netbsd-x64
38 silly reify mark deleted [ '/data/data/com.termux/files/home/node_modules/@esbuild/netbsd-x64' ]
39 verbose reify failed optional dependency /data/data/com.termux/files/home/node_modules/@esbuild/netbsd-arm64
40 silly reify mark deleted [
40 silly reify   '/data/data/com.termux/files/home/node_modules/@esbuild/netbsd-arm64'
40 silly reify ]
41 verbose reify failed optional dependency /data/data/com.termux/files/home/node_modules/@esbuild/linux-x64
42 silly reify mark deleted [ '/data/data/com.termux/files/home/node_modules/@esbuild/linux-x64' ]
43 verbose reify failed optional dependency /data/data/com.termux/files/home/node_modules/@esbuild/linux-s390x
44 silly reify mark deleted [
44 silly reify   '/data/data/com.termux/files/home/node_modules/@esbuild/linux-s390x'
44 silly reify ]
45 verbose reify failed optional dependency /data/data/com.termux/files/home/node_modules/@esbuild/linux-riscv64
46 silly reify mark deleted [
46 silly reify   '/data/data/com.termux/files/home/node_modules/@esbuild/linux-riscv64'
46 silly reify ]
47 verbose reify failed optional dependency /data/data/com.termux/files/home/node_modules/@esbuild/linux-ppc64
48 silly reify mark deleted [
48 silly reify   '/data/data/com.termux/files/home/node_modules/@esbuild/linux-ppc64'
48 silly reify ]
49 verbose reify failed optional dependency /data/data/com.termux/files/home/node_modules/@esbuild/linux-mips64el
50 silly reify mark deleted [
50 silly reify   '/data/data/com.termux/files/home/node_modules/@esbuild/linux-mips64el'
50 silly reify ]
51 verbose reify failed optional dependency /data/data/com.termux/files/home/node_modules/@esbuild/linux-loong64
52 silly reify mark deleted [
52 silly reify   '/data/data/com.termux/files/home/node_modules/@esbuild/linux-loong64'
52 silly reify ]
53 verbose reify failed optional dependency /data/data/com.termux/files/home/node_modules/@esbuild/linux-ia32
54 silly reify mark deleted [ '/data/data/com.termux/files/home/node_modules/@esbuild/linux-ia32' ]
55 verbose reify failed optional dependency /data/data/com.termux/files/home/node_modules/@esbuild/linux-arm64
56 silly reify mark deleted [
56 silly reify   '/data/data/com.termux/files/home/node_modules/@esbuild/linux-arm64'
56 silly reify ]
57 verbose reify failed optional dependency /data/data/com.termux/files/home/node_modules/@esbuild/linux-arm
58 silly reify mark deleted [ '/data/data/com.termux/files/home/node_modules/@esbuild/linux-arm' ]
59 verbose reify failed optional dependency /data/data/com.termux/files/home/node_modules/@esbuild/freebsd-x64
60 silly reify mark deleted [
60 silly reify   '/data/data/com.termux/files/home/node_modules/@esbuild/freebsd-x64'
60 silly reify ]
61 verbose reify failed optional dependency /data/data/com.termux/files/home/node_modules/@esbuild/freebsd-arm64
62 silly reify mark deleted [
62 silly reify   '/data/data/com.termux/files/home/node_modules/@esbuild/freebsd-arm64'
62 silly reify ]
63 verbose reify failed optional dependency /data/data/com.termux/files/home/node_modules/@esbuild/darwin-x64
64 silly reify mark deleted [ '/data/data/com.termux/files/home/node_modules/@esbuild/darwin-x64' ]
65 verbose reify failed optional dependency /data/data/com.termux/files/home/node_modules/@esbuild/darwin-arm64
66 silly reify mark deleted [
66 silly reify   '/data/data/com.termux/files/home/node_modules/@esbuild/darwin-arm64'
66 silly reify ]
67 verbose reify failed optional dependency /data/data/com.termux/files/home/node_modules/@esbuild/android-x64
68 silly reify mark deleted [
68 silly reify   '/data/data/com.termux/files/home/node_modules/@esbuild/android-x64'
68 silly reify ]
69 verbose reify failed optional dependency /data/data/com.termux/files/home/node_modules/@esbuild/android-arm
70 silly reify mark deleted [
70 silly reify   '/data/data/com.termux/files/home/node_modules/@esbuild/android-arm'
70 silly reify ]
71 verbose reify failed optional dependency /data/data/com.termux/files/home/node_modules/@esbuild/aix-ppc64
72 silly reify mark deleted [ '/data/data/com.termux/files/home/node_modules/@esbuild/aix-ppc64' ]
73 http cache @nomicfoundation/hardhat-toolbox@https://registry.npmjs.org/@nomicfoundation/hardhat-toolbox/-/hardhat-toolbox-6.1.0.tgz 0ms (cache hit)
74 silly tarball no local data for @nomicfoundation/hardhat-toolbox@https://registry.npmjs.org/@nomicfoundation/hardhat-toolbox/-/hardhat-toolbox-6.1.0.tgz. Extracting by manifest.
75 http fetch POST 200 https://registry.npmjs.org/-/npm/v1/security/advisories/bulk 488ms
76 silly audit report {}
77 http fetch GET 200 https://registry.npmjs.org/@nomicfoundation/hardhat-toolbox/-/hardhat-toolbox-6.1.0.tgz 1037ms (cache miss)
78 silly ADD node_modules/@nomicfoundation/hardhat-toolbox
79 silly ADD
80 silly ADD
81 silly ADD
82 silly ADD
83 silly ADD
84 silly ADD
85 silly ADD
86 silly ADD
87 silly ADD
88 silly ADD
89 silly ADD
90 silly ADD
91 silly ADD
92 silly ADD
93 silly ADD
94 silly ADD
95 silly ADD
96 silly ADD
97 silly ADD
98 silly ADD
99 silly ADD
100 silly ADD
101 silly ADD
102 silly ADD
103 silly ADD
104 silly ADD
105 verbose cwd /data/data/com.termux/files/home
106 verbose os Linux 6.6.30-android15-8-g6b55ce738535-4k
107 verbose node v22.20.0
108 verbose npm  v10.9.3
109 verbose exit 0
110 info ok
